Mono path[0] = 'C:/Users/Johor/Documents/ML/FinalWithRules00/platformerEnvironment_Data/Managed'
Mono config path = 'C:/Users/Johor/Documents/ML/FinalWithRules00/MonoBleedingEdge/etc'
Initialize engine version: 2020.3.38f1 (8f5fde82e2dc)
[Subsystems] Discovering subsystems at path C:/Users/Johor/Documents/ML/FinalWithRules00/platformerEnvironment_Data/UnitySubsystems
Forcing GfxDevice: Null
GfxDevice: creating device client; threaded=0
NullGfxDevice:
    Version:  NULL 1.0 [1.0]
    Renderer: Null Device
    Vendor:   Unity Technologies
Begin MonoManager ReloadAssembly
- Completed reload, in  0.133 seconds
ERROR: Shader Sprites/Default shader is not supported on this GPU (none of subshaders/fallbacks are suitable)
Microsoft Media Foundation video decoding to texture disabled: graphics device is Null, only Direct3D 11 and Direct3D 12 (only on desktop) are supported for hardware-accelerated video decoding.
ERROR: Shader Sprites/Mask shader is not supported on this GPU (none of subshaders/fallbacks are suitable)
ERROR: Shader TextMeshPro/Mobile/Distance Field shader is not supported on this GPU (none of subshaders/fallbacks are suitable)
UnloadTime: 0.444100 ms
Fallback handler could not load library C:/Users/Johor/Documents/ML/FinalWithRules00/platformerEnvironment_Data/Mono/libcoreclr.so
Fallback handler could not load library C:/Users/Johor/Documents/ML/FinalWithRules00/platformerEnvironment_Data/Mono/libcoreclr.so.dll
Fallback handler could not load library C:/Users/Johor/Documents/ML/FinalWithRules00/platformerEnvironment_Data/Mono/libcoreclr.so
Fallback handler could not load library C:/Users/Johor/Documents/ML/FinalWithRules00/platformerEnvironment_Data/Mono/libdl.so
Fallback handler could not load library C:/Users/Johor/Documents/ML/FinalWithRules00/platformerEnvironment_Data/Mono/libdl.so.dll
Fallback handler could not load library C:/Users/Johor/Documents/ML/FinalWithRules00/platformerEnvironment_Data/Mono/libdl.so
Fallback handler could not load library C:/Users/Johor/Documents/ML/FinalWithRules00/platformerEnvironment_Data/Mono/libSystem.dylib
Fallback handler could not load library C:/Users/Johor/Documents/ML/FinalWithRules00/platformerEnvironment_Data/Mono/libSystem.dylib.dll
Fallback handler could not load library C:/Users/Johor/Documents/ML/FinalWithRules00/platformerEnvironment_Data/Mono/libSystem.dylib
Fallback handler could not load library C:/Users/Johor/Documents/ML/FinalWithRules00/platformerEnvironment_Data/Mono/libcoreclr.so
Fallback handler could not load library C:/Users/Johor/Documents/ML/FinalWithRules00/platformerEnvironment_Data/Mono/libcoreclr.so.dll
Fallback handler could not load library C:/Users/Johor/Documents/ML/FinalWithRules00/platformerEnvironment_Data/Mono/libcoreclr.so
Fallback handler could not load library C:/Users/Johor/Documents/ML/FinalWithRules00/platformerEnvironment_Data/Mono/libdl.so
Fallback handler could not load library C:/Users/Johor/Documents/ML/FinalWithRules00/platformerEnvironment_Data/Mono/libdl.so.dll
Fallback handler could not load library C:/Users/Johor/Documents/ML/FinalWithRules00/platformerEnvironment_Data/Mono/libdl.so
Fallback handler could not load library C:/Users/Johor/Documents/ML/FinalWithRules00/platformerEnvironment_Data/Mono/libSystem.dylib
Fallback handler could not load library C:/Users/Johor/Documents/ML/FinalWithRules00/platformerEnvironment_Data/Mono/libSystem.dylib.dll
Fallback handler could not load library C:/Users/Johor/Documents/ML/FinalWithRules00/platformerEnvironment_Data/Mono/libSystem.dylib
generating new rule...
jumpForce
equalThan
19
divide
2
Unable to save timers to file C:/Users/Johor/Documents/ML/FinalWithRules00/platformerEnvironment_Data\ML-Agents\Timers\SampleScene_timers.json
Setting up 16 worker threads for Enlighten.
  Thread -> id: 3674 -> priority: 1 
  Thread -> id: 83a4 -> priority: 1 
  Thread -> id: 10c0 -> priority: 1 
  Thread -> id: 6ff0 -> priority: 1 
  Thread -> id: 28e4 -> priority: 1 
  Thread -> id: 8a98 -> priority: 1 
  Thread -> id: 63c -> priority: 1 
  Thread -> id: 57f4 -> priority: 1 
  Thread -> id: 9c84 -> priority: 1 
  Thread -> id: 8048 -> priority: 1 
  Thread -> id: 5780 -> priority: 1 
  Thread -> id: 6fcc -> priority: 1 
  Thread -> id: 3b3c -> priority: 1 
  Thread -> id: 54fc -> priority: 1 
  Thread -> id: 825c -> priority: 1 
  Thread -> id: 2ec -> priority: 1 
