Mono path[0] = 'C:/Users/Johor/Documents/ML/FinalWithRules00/platformerEnvironment_Data/Managed'
Mono config path = 'C:/Users/Johor/Documents/ML/FinalWithRules00/MonoBleedingEdge/etc'
Initialize engine version: 2020.3.38f1 (8f5fde82e2dc)
[Subsystems] Discovering subsystems at path C:/Users/Johor/Documents/ML/FinalWithRules00/platformerEnvironment_Data/UnitySubsystems
Forcing GfxDevice: Null
GfxDevice: creating device client; threaded=0
NullGfxDevice:
    Version:  NULL 1.0 [1.0]
    Renderer: Null Device
    Vendor:   Unity Technologies
Begin MonoManager ReloadAssembly
- Completed reload, in  0.294 seconds
ERROR: Shader Sprites/Default shader is not supported on this GPU (none of subshaders/fallbacks are suitable)
Microsoft Media Foundation video decoding to texture disabled: graphics device is Null, only Direct3D 11 and Direct3D 12 (only on desktop) are supported for hardware-accelerated video decoding.
ERROR: Shader Sprites/Mask shader is not supported on this GPU (none of subshaders/fallbacks are suitable)
ERROR: Shader TextMeshPro/Mobile/Distance Field shader is not supported on this GPU (none of subshaders/fallbacks are suitable)
UnloadTime: 0.485000 ms
Fallback handler could not load library C:/Users/Johor/Documents/ML/FinalWithRules00/platformerEnvironment_Data/Mono/libcoreclr.so
Fallback handler could not load library C:/Users/Johor/Documents/ML/FinalWithRules00/platformerEnvironment_Data/Mono/libcoreclr.so.dll
Fallback handler could not load library C:/Users/Johor/Documents/ML/FinalWithRules00/platformerEnvironment_Data/Mono/libcoreclr.so
Fallback handler could not load library C:/Users/Johor/Documents/ML/FinalWithRules00/platformerEnvironment_Data/Mono/libdl.so
Fallback handler could not load library C:/Users/Johor/Documents/ML/FinalWithRules00/platformerEnvironment_Data/Mono/libdl.so.dll
Fallback handler could not load library C:/Users/Johor/Documents/ML/FinalWithRules00/platformerEnvironment_Data/Mono/libdl.so
Fallback handler could not load library C:/Users/Johor/Documents/ML/FinalWithRules00/platformerEnvironment_Data/Mono/libSystem.dylib
Fallback handler could not load library C:/Users/Johor/Documents/ML/FinalWithRules00/platformerEnvironment_Data/Mono/libSystem.dylib.dll
Fallback handler could not load library C:/Users/Johor/Documents/ML/FinalWithRules00/platformerEnvironment_Data/Mono/libSystem.dylib
Fallback handler could not load library C:/Users/Johor/Documents/ML/FinalWithRules00/platformerEnvironment_Data/Mono/libcoreclr.so
Fallback handler could not load library C:/Users/Johor/Documents/ML/FinalWithRules00/platformerEnvironment_Data/Mono/libcoreclr.so.dll
Fallback handler could not load library C:/Users/Johor/Documents/ML/FinalWithRules00/platformerEnvironment_Data/Mono/libcoreclr.so
Fallback handler could not load library C:/Users/Johor/Documents/ML/FinalWithRules00/platformerEnvironment_Data/Mono/libdl.so
Fallback handler could not load library C:/Users/Johor/Documents/ML/FinalWithRules00/platformerEnvironment_Data/Mono/libdl.so.dll
Fallback handler could not load library C:/Users/Johor/Documents/ML/FinalWithRules00/platformerEnvironment_Data/Mono/libdl.so
Fallback handler could not load library C:/Users/Johor/Documents/ML/FinalWithRules00/platformerEnvironment_Data/Mono/libSystem.dylib
Fallback handler could not load library C:/Users/Johor/Documents/ML/FinalWithRules00/platformerEnvironment_Data/Mono/libSystem.dylib.dll
Fallback handler could not load library C:/Users/Johor/Documents/ML/FinalWithRules00/platformerEnvironment_Data/Mono/libSystem.dylib
generating new rule...
position.x
biggerThan
20
divide
3
Unable to save timers to file C:/Users/Johor/Documents/ML/FinalWithRules00/platformerEnvironment_Data\ML-Agents\Timers\SampleScene_timers.json
Setting up 16 worker threads for Enlighten.
  Thread -> id: 372c -> priority: 1 
  Thread -> id: 19d8 -> priority: 1 
  Thread -> id: 8360 -> priority: 1 
  Thread -> id: 9ce8 -> priority: 1 
  Thread -> id: 778c -> priority: 1 
  Thread -> id: a8ec -> priority: 1 
  Thread -> id: 3758 -> priority: 1 
  Thread -> id: 6654 -> priority: 1 
  Thread -> id: 306c -> priority: 1 
  Thread -> id: 5694 -> priority: 1 
  Thread -> id: 5734 -> priority: 1 
  Thread -> id: 72a0 -> priority: 1 
  Thread -> id: 3eb0 -> priority: 1 
  Thread -> id: a6b4 -> priority: 1 
  Thread -> id: 3378 -> priority: 1 
  Thread -> id: 2794 -> priority: 1 
