Mono path[0] = 'C:/Users/Johor/Documents/ML/FinalWithRulesoff/platformerEnvironment_Data/Managed'
Mono config path = 'C:/Users/Johor/Documents/ML/FinalWithRulesoff/MonoBleedingEdge/etc'
Initialize engine version: 2020.3.38f1 (8f5fde82e2dc)
[Subsystems] Discovering subsystems at path C:/Users/Johor/Documents/ML/FinalWithRulesoff/platformerEnvironment_Data/UnitySubsystems
Forcing GfxDevice: Null
GfxDevice: creating device client; threaded=0
NullGfxDevice:
    Version:  NULL 1.0 [1.0]
    Renderer: Null Device
    Vendor:   Unity Technologies
Begin MonoManager ReloadAssembly
- Completed reload, in  0.077 seconds
ERROR: Shader Sprites/Default shader is not supported on this GPU (none of subshaders/fallbacks are suitable)
Microsoft Media Foundation video decoding to texture disabled: graphics device is Null, only Direct3D 11 and Direct3D 12 (only on desktop) are supported for hardware-accelerated video decoding.
ERROR: Shader Sprites/Mask shader is not supported on this GPU (none of subshaders/fallbacks are suitable)
ERROR: Shader TextMeshPro/Mobile/Distance Field shader is not supported on this GPU (none of subshaders/fallbacks are suitable)
UnloadTime: 0.467100 ms
Fallback handler could not load library C:/Users/Johor/Documents/ML/FinalWithRulesoff/platformerEnvironment_Data/Mono/libcoreclr.so
Fallback handler could not load library C:/Users/Johor/Documents/ML/FinalWithRulesoff/platformerEnvironment_Data/Mono/libcoreclr.so.dll
Fallback handler could not load library C:/Users/Johor/Documents/ML/FinalWithRulesoff/platformerEnvironment_Data/Mono/libcoreclr.so
Fallback handler could not load library C:/Users/Johor/Documents/ML/FinalWithRulesoff/platformerEnvironment_Data/Mono/libdl.so
Fallback handler could not load library C:/Users/Johor/Documents/ML/FinalWithRulesoff/platformerEnvironment_Data/Mono/libdl.so.dll
Fallback handler could not load library C:/Users/Johor/Documents/ML/FinalWithRulesoff/platformerEnvironment_Data/Mono/libdl.so
Fallback handler could not load library C:/Users/Johor/Documents/ML/FinalWithRulesoff/platformerEnvironment_Data/Mono/libSystem.dylib
Fallback handler could not load library C:/Users/Johor/Documents/ML/FinalWithRulesoff/platformerEnvironment_Data/Mono/libSystem.dylib.dll
Fallback handler could not load library C:/Users/Johor/Documents/ML/FinalWithRulesoff/platformerEnvironment_Data/Mono/libSystem.dylib
Fallback handler could not load library C:/Users/Johor/Documents/ML/FinalWithRulesoff/platformerEnvironment_Data/Mono/libcoreclr.so
Fallback handler could not load library C:/Users/Johor/Documents/ML/FinalWithRulesoff/platformerEnvironment_Data/Mono/libcoreclr.so.dll
Fallback handler could not load library C:/Users/Johor/Documents/ML/FinalWithRulesoff/platformerEnvironment_Data/Mono/libcoreclr.so
Fallback handler could not load library C:/Users/Johor/Documents/ML/FinalWithRulesoff/platformerEnvironment_Data/Mono/libdl.so
Fallback handler could not load library C:/Users/Johor/Documents/ML/FinalWithRulesoff/platformerEnvironment_Data/Mono/libdl.so.dll
Fallback handler could not load library C:/Users/Johor/Documents/ML/FinalWithRulesoff/platformerEnvironment_Data/Mono/libdl.so
Fallback handler could not load library C:/Users/Johor/Documents/ML/FinalWithRulesoff/platformerEnvironment_Data/Mono/libSystem.dylib
Fallback handler could not load library C:/Users/Johor/Documents/ML/FinalWithRulesoff/platformerEnvironment_Data/Mono/libSystem.dylib.dll
Fallback handler could not load library C:/Users/Johor/Documents/ML/FinalWithRulesoff/platformerEnvironment_Data/Mono/libSystem.dylib
Unable to save timers to file C:/Users/Johor/Documents/ML/FinalWithRulesoff/platformerEnvironment_Data\ML-Agents\Timers\SampleScene_timers.json
Setting up 16 worker threads for Enlighten.
  Thread -> id: 83b0 -> priority: 1 
  Thread -> id: ab4c -> priority: 1 
  Thread -> id: debc -> priority: 1 
  Thread -> id: 7d08 -> priority: 1 
  Thread -> id: 30bc -> priority: 1 
  Thread -> id: cc48 -> priority: 1 
  Thread -> id: bb84 -> priority: 1 
  Thread -> id: d3dc -> priority: 1 
  Thread -> id: bcd4 -> priority: 1 
  Thread -> id: 633c -> priority: 1 
  Thread -> id: 58dc -> priority: 1 
  Thread -> id: 726c -> priority: 1 
  Thread -> id: 630c -> priority: 1 
  Thread -> id: bea4 -> priority: 1 
  Thread -> id: b864 -> priority: 1 
  Thread -> id: b108 -> priority: 1 
